Processing phase 1
https://github.com/RCODI/2016greenironhack-phase1.git
Removing directory 2016greenironhack-phase1
Removed directory 2016greenironhack-phase1
Checking files . . . 
OK
Uploading 2016greenironhack-tanmayee123/map.js ...done.
Uploading 2016greenironhack-MegamindHenry/index.html ...done.
Uploading 2016greenironhack-cgrieger12/index.html ...done.
Uploading 2016greenironhack-huayifang/index.html ...done.
Uploading 2016greenironhack-lostkuma/index.html ...done.
Uploading 2016greenironhack-meetalivaidya/index.html ...done.
Uploading 2016greenironhack-mgogte/IronHack.html ...done.
Uploading 2016greenironhack-pjt90/homepage.html ...done.
Uploading 2016greenironhack-pmittal115/index.html ...done.
Uploading 2016greenironhack-prachitamane/mapsomething.html ...done.
Uploading 2016greenironhack-sauravn/index.html ...done.
Uploading 2016greenironhack-tanmayee123/map.html ...done.
Query submitted.  Waiting for the server's response.
http://moss.stanford.edu/results/180631228

Completed processing phase 1
Processing phase 2
https://github.com/RCODI/2016greenironhack-phase2.git
Checking files . . . 
OK
Uploading 2016greenironhack-aterriqu/Phase 2 map.js ...done.
Uploading 2016greenironhack-pmittal115/googlemap.js ...done.
Uploading 2016greenironhack-sabrina-hsu/Project 2 Script.js ...done.
Uploading 2016greenironhack-tanmayee123/map.js ...done.
Uploading 2016greenironhack-tanmayee123/timestamp.js ...done.
Uploading 2016greenironhack-Christyyy/ironhack.html ...done.
Uploading 2016greenironhack-MegamindHenry/index.html ...done.
Uploading 2016greenironhack-abelal16/index.html ...done.
Uploading 2016greenironhack-ankitbatheja/index.html ...done.
Uploading 2016greenironhack-ankitbatheja/recipes.html ...done.
Uploading 2016greenironhack-ankitbatheja/vendors.html ...done.
Uploading 2016greenironhack-aterriqu/Phase 2 map.html ...done.
Uploading 2016greenironhack-cgrieger12/index.html ...done.
Uploading 2016greenironhack-crloflin/test.html ...done.
Uploading 2016greenironhack-dengc/index.html ...done.
Uploading 2016greenironhack-dengc/main.html ...done.
Uploading 2016greenironhack-huayifang/index.html ...done.
Uploading 2016greenironhack-huayifang/map.html ...done.
Uploading 2016greenironhack-ishwetasingh/HelloWorld.html ...done.
Uploading 2016greenironhack-ishwetasingh/index.html ...done.
Uploading 2016greenironhack-lheston/index.html ...done.
Uploading 2016greenironhack-lostkuma/index.html ...done.
Uploading 2016greenironhack-meetalivaidya/index.html ...done.
Uploading 2016greenironhack-mgogte/IronHack.html ...done.
Uploading 2016greenironhack-patrickherrod/index.html ...done.
Uploading 2016greenironhack-pmittal115/index.html ...done.
Uploading 2016greenironhack-prachitamane/index.html ...done.
Uploading 2016greenironhack-prachitamane/mapsomething.html ...done.
Uploading 2016greenironhack-sabrina-hsu/Project 2 Website.html ...done.
Uploading 2016greenironhack-sauravn/index.html ...done.
Uploading 2016greenironhack-tanmayee123/map.html ...done.
Uploading 2016greenironhack-tanmayee123/map3.html ...done.
Uploading 2016greenironhack-wluan/d3.html ...done.
Uploading 2016greenironhack-wluan/google-maps.html ...done.
Uploading 2016greenironhack-wluan/index.html ...done.
Query submitted.  Waiting for the server's response.
http://moss.stanford.edu/results/428769748

Completed processing phase 2
Processing phase 3
https://github.com/RCODI/2016greenironhack-phase3.git
Checking files . . . 
OK
Uploading 2016greenironhack-aterriqu/Phase 2 map.js ...done.
Uploading 2016greenironhack-aterriqu/Phase 3 map.js ...done.
Uploading 2016greenironhack-pmittal115/googlemap.js ...done.
Uploading 2016greenironhack-pmittal115/mapInfo.js ...done.
Uploading 2016greenironhack-sabrina-hsu/Project 2 Script.js ...done.
Uploading 2016greenironhack-tanmayee123/bootstrap.js ...done.
Uploading 2016greenironhack-tanmayee123/bootstrap.min.js ...done.
Uploading 2016greenironhack-tanmayee123/jquery.splashscreen.js ...done.
Uploading 2016greenironhack-tanmayee123/map.js ...done.
Uploading 2016greenironhack-tanmayee123/timestamp.js ...done.
Uploading 2016greenironhack-Christyyy/ironhack.html ...done.
Uploading 2016greenironhack-MegamindHenry/index.html ...done.
Uploading 2016greenironhack-abelal16/index.html ...done.
Uploading 2016greenironhack-abelal16/main.html ...done.
Uploading 2016greenironhack-ankitbatheja/index.html ...done.
Uploading 2016greenironhack-ankitbatheja/recipes.html ...done.
Uploading 2016greenironhack-ankitbatheja/vendors.html ...done.
Uploading 2016greenironhack-aterriqu/Phase 2 map.html ...done.
Uploading 2016greenironhack-aterriqu/Phase 3 map.html ...done.
Uploading 2016greenironhack-cgrieger12/index.html ...done.
Uploading 2016greenironhack-crloflin/test.html ...done.
Uploading 2016greenironhack-dengc/index.html ...done.
Uploading 2016greenironhack-dengc/main.html ...done.
Uploading 2016greenironhack-huayifang/index.html ...done.
Uploading 2016greenironhack-huayifang/map.html ...done.
Uploading 2016greenironhack-ishwetasingh/HelloWorld.html ...done.
Uploading 2016greenironhack-ishwetasingh/index.html ...done.
Uploading 2016greenironhack-lheston/index.html ...done.
Uploading 2016greenironhack-lostkuma/index.html ...done.
Uploading 2016greenironhack-meetalivaidya/index.html ...done.
Uploading 2016greenironhack-mgogte/IronHack.html ...done.
Uploading 2016greenironhack-patrickherrod/index.html ...done.
Uploading 2016greenironhack-pmittal115/index.html ...done.
Uploading 2016greenironhack-prachitamane/index.html ...done.
Uploading 2016greenironhack-prachitamane/mapsomething.html ...done.
Uploading 2016greenironhack-sabrina-hsu/Project 2 Website.html ...done.
Uploading 2016greenironhack-sauravn/index.html ...done.
Uploading 2016greenironhack-sauravn/index_backup.html ...done.
Uploading 2016greenironhack-sauravn/recipe.html ...done.
Uploading 2016greenironhack-sauravn/wheather.html ...done.
Uploading 2016greenironhack-tanmayee123/index.html ...done.
Uploading 2016greenironhack-wluan/d3.html ...done.
Uploading 2016greenironhack-wluan/google-maps.html ...done.
Uploading 2016greenironhack-wluan/index.html ...done.
Query submitted.  Waiting for the server's response.
http://moss.stanford.edu/results/762761019

Completed processing phase 3
Processing phase 4
https://github.com/RCODI/2016greenironhack-phase4.git
Checking files . . . 
OK
Uploading 2016greenironhack-aterriqu/Phase 2 map.js ...done.
Uploading 2016greenironhack-aterriqu/Phase 3 map.js ...done.
Uploading 2016greenironhack-aterriqu/Phase 4 map.js ...done.
Uploading 2016greenironhack-jeffkeilmann/climate.js ...done.
Uploading 2016greenironhack-patrickherrod/main.js ...done.
Uploading 2016greenironhack-sabrina-hsu/Project 2 Script.js ...done.
Uploading 2016greenironhack-tanmayee123/bootstrap.js ...done.
Uploading 2016greenironhack-tanmayee123/bootstrap.min.js ...done.
Uploading 2016greenironhack-tanmayee123/jquery.splashscreen.js ...done.
Uploading 2016greenironhack-tanmayee123/map.js ...done.
Uploading 2016greenironhack-tanmayee123/timestamp.js ...done.
Uploading 2016greenironhack-Christyyy/googlemapapi.html ...done.
Uploading 2016greenironhack-Christyyy/ironhack.html ...done.
Uploading 2016greenironhack-MegamindHenry/index.html ...done.
Uploading 2016greenironhack-abelal16/index.html ...done.
Uploading 2016greenironhack-abelal16/main.html ...done.
Uploading 2016greenironhack-ankitbatheja/index.html ...done.
Uploading 2016greenironhack-ankitbatheja/recipes.html ...done.
Uploading 2016greenironhack-ankitbatheja/vendor.html ...done.
Uploading 2016greenironhack-aterriqu/Phase 2 map.html ...done.
Uploading 2016greenironhack-aterriqu/Phase 3 map.html ...done.
Uploading 2016greenironhack-aterriqu/Phase 4 map.html ...done.
Uploading 2016greenironhack-cgrieger12/index.html ...done.
Uploading 2016greenironhack-crloflin/test.html ...done.
Uploading 2016greenironhack-dengc/index.html ...done.
Uploading 2016greenironhack-dengc/main.html ...done.
Uploading 2016greenironhack-dengc/markets.html ...done.
Uploading 2016greenironhack-dengc/vegetables.html ...done.
Uploading 2016greenironhack-huayifang/index.html ...done.
Uploading 2016greenironhack-huayifang/map.html ...done.
Uploading 2016greenironhack-ishwetasingh/HelloWorld.html ...done.
Uploading 2016greenironhack-ishwetasingh/index.html ...done.
Uploading 2016greenironhack-jeffkeilmann/index.html ...done.
Uploading 2016greenironhack-lheston/index.html ...done.
Uploading 2016greenironhack-lostkuma/index.html ...done.
Uploading 2016greenironhack-meetalivaidya/index.html ...done.
Uploading 2016greenironhack-mgogte/IronHack.html ...done.
Uploading 2016greenironhack-patrickherrod/index.html ...done.
Uploading 2016greenironhack-pmittal115/index.html ...done.
Uploading 2016greenironhack-pmittal115/main.html ...done.
Uploading 2016greenironhack-prachitamane/index.html ...done.
Uploading 2016greenironhack-prachitamane/mapsomething.html ...done.
Uploading 2016greenironhack-sabrina-hsu/Project 2 Website.html ...done.
Uploading 2016greenironhack-sauravn/discussion.html ...done.
Uploading 2016greenironhack-sauravn/index.html ...done.
Uploading 2016greenironhack-sauravn/recipe.html ...done.
Uploading 2016greenironhack-sauravn/wheather.html ...done.
Uploading 2016greenironhack-tanmayee123/index.html ...done.
Uploading 2016greenironhack-wluan/d3.html ...done.
Uploading 2016greenironhack-wluan/google-maps.html ...done.
Uploading 2016greenironhack-wluan/index.html ...done.
Query submitted.  Waiting for the server's response.
http://moss.stanford.edu/results/484345365

Completed processing phase 4
